2015.08.11 08:55 B D:\Oscar Web\Opermedios\Sistema\Nota\banner\Banner.png <-- operamedios /sistema.operamedios.com.mx/Nota/banner Banner.png
2015.08.11 08:55 B D:\Oscar Web\Opermedios\Sistema\Nota\banner\Banner01.png <-- operamedios /sistema.operamedios.com.mx/Nota/banner Banner01.png
2015.08.11 08:55 B D:\Oscar Web\Opermedios\Sistema\Nota\banner\Banner02.png <-- operamedios /sistema.operamedios.com.mx/Nota/banner Banner02.png
2015.08.11 08:55 B D:\Oscar Web\Opermedios\Sistema\Nota\banner\Banner03.png <-- operamedios /sistema.operamedios.com.mx/Nota/banner Banner03.png
2015.08.11 08:55 B D:\Oscar Web\Opermedios\Sistema\Nota\banner\Banner1.png <-- operamedios /sistema.operamedios.com.mx/Nota/banner Banner1.png
2015.08.11 08:55 B D:\Oscar Web\Opermedios\Sistema\Nota\banner\Banner2.jpg <-- operamedios /sistema.operamedios.com.mx/Nota/banner Banner2.jpg
2015.08.11 08:55 B D:\Oscar Web\Opermedios\Sistema\Nota\banner\Banner2.png <-- operamedios /sistema.operamedios.com.mx/Nota/banner Banner2.png
2015.08.11 08:55 B D:\Oscar Web\Opermedios\Sistema\Nota\banner\Banner3.png <-- operamedios /sistema.operamedios.com.mx/Nota/banner Banner3.png
2015.08.11 08:55 B D:\Oscar Web\Opermedios\Sistema\Nota\banner\Derecho.jpg <-- operamedios /sistema.operamedios.com.mx/Nota/banner Derecho.jpg
2015.08.11 08:55 B D:\Oscar Web\Opermedios\Sistema\Nota\banner\LIVERPOOL2.png <-- operamedios /sistema.operamedios.com.mx/Nota/banner LIVERPOOL2.png
2015.08.11 08:55 B D:\Oscar Web\Opermedios\Sistema\Nota\banner\Test.png <-- operamedios /sistema.operamedios.com.mx/Nota/banner Test.png
2015.08.11 08:55 B D:\Oscar Web\Opermedios\Sistema\Nota\banner\VideoCine (2).jpg <-- operamedios /sistema.operamedios.com.mx/Nota/banner VideoCine (2).jpg
2015.08.11 08:55 B D:\Oscar Web\Opermedios\Sistema\Nota\banner\VIDEOCINE.jpg <-- operamedios /sistema.operamedios.com.mx/Nota/banner VIDEOCINE.jpg
2015.08.11 08:55 B D:\Oscar Web\Opermedios\Sistema\Nota\banner\VIDEOCINE2.jpg <-- operamedios /sistema.operamedios.com.mx/Nota/banner VIDEOCINE2.jpg
2015.08.11 08:55 B D:\Oscar Web\Opermedios\Sistema\Nota\banner\VIDEOCINE3.jpg <-- operamedios /sistema.operamedios.com.mx/Nota/banner VIDEOCINE3.jpg
2015.08.11 08:56 B D:\Oscar Web\Opermedios\Sistema\Nota\banner\Banner.png --> opemedios.com.mx /operamedios.us.tempcloudsite.com/Nota/banner Banner.png
2015.08.11 08:56 B D:\Oscar Web\Opermedios\Sistema\Nota\banner\Banner01.png --> opemedios.com.mx /operamedios.us.tempcloudsite.com/Nota/banner Banner01.png
2015.08.11 08:56 B D:\Oscar Web\Opermedios\Sistema\Nota\banner\Banner02.png --> opemedios.com.mx /operamedios.us.tempcloudsite.com/Nota/banner Banner02.png
2015.08.11 08:56 B D:\Oscar Web\Opermedios\Sistema\Nota\banner\Banner03.png --> opemedios.com.mx /operamedios.us.tempcloudsite.com/Nota/banner Banner03.png
2015.08.11 08:56 B D:\Oscar Web\Opermedios\Sistema\Nota\banner\Banner1.png --> opemedios.com.mx /operamedios.us.tempcloudsite.com/Nota/banner Banner1.png
2015.08.11 08:56 B D:\Oscar Web\Opermedios\Sistema\Nota\banner\Banner2.jpg --> opemedios.com.mx /operamedios.us.tempcloudsite.com/Nota/banner Banner2.jpg
2015.08.11 08:56 B D:\Oscar Web\Opermedios\Sistema\Nota\banner\Banner2.png --> opemedios.com.mx /operamedios.us.tempcloudsite.com/Nota/banner Banner2.png
2015.08.11 08:56 B D:\Oscar Web\Opermedios\Sistema\Nota\banner\Banner3.png --> opemedios.com.mx /operamedios.us.tempcloudsite.com/Nota/banner Banner3.png
2015.08.11 08:56 B D:\Oscar Web\Opermedios\Sistema\Nota\banner\Derecho.jpg --> opemedios.com.mx /operamedios.us.tempcloudsite.com/Nota/banner Derecho.jpg
2015.08.11 08:56 B D:\Oscar Web\Opermedios\Sistema\Nota\banner\LIVERPOOL2.png --> opemedios.com.mx /operamedios.us.tempcloudsite.com/Nota/banner LIVERPOOL2.png
2015.08.11 08:56 B D:\Oscar Web\Opermedios\Sistema\Nota\banner\Test.png --> opemedios.com.mx /operamedios.us.tempcloudsite.com/Nota/banner Test.png
2015.08.11 08:56 B D:\Oscar Web\Opermedios\Sistema\Nota\banner\VideoCine (2).jpg --> opemedios.com.mx /operamedios.us.tempcloudsite.com/Nota/banner VideoCine (2).jpg
2015.08.11 08:56 B D:\Oscar Web\Opermedios\Sistema\Nota\banner\VIDEOCINE.jpg --> opemedios.com.mx /operamedios.us.tempcloudsite.com/Nota/banner VIDEOCINE.jpg
2015.08.11 08:56 B D:\Oscar Web\Opermedios\Sistema\Nota\banner\VIDEOCINE2.jpg --> opemedios.com.mx /operamedios.us.tempcloudsite.com/Nota/banner VIDEOCINE2.jpg
2015.08.11 08:56 B D:\Oscar Web\Opermedios\Sistema\Nota\banner\VIDEOCINE3.jpg --> opemedios.com.mx /operamedios.us.tempcloudsite.com/Nota/banner VIDEOCINE3.jpg
