2015.08.11 08:55 B D:\Oscar Web\Opermedios\Sistema\Nota\img\bg-internet.png <-- operamedios /sistema.operamedios.com.mx/Nota/img bg-internet.png
2015.08.11 08:55 B D:\Oscar Web\Opermedios\Sistema\Nota\img\bg-periodico.png <-- operamedios /sistema.operamedios.com.mx/Nota/img bg-periodico.png
2015.08.11 08:55 B D:\Oscar Web\Opermedios\Sistema\Nota\img\bg-radio.png <-- operamedios /sistema.operamedios.com.mx/Nota/img bg-radio.png
2015.08.11 08:55 B D:\Oscar Web\Opermedios\Sistema\Nota\img\bg-radio1.png <-- operamedios /sistema.operamedios.com.mx/Nota/img bg-radio1.png
2015.08.11 08:55 B D:\Oscar Web\Opermedios\Sistema\Nota\img\bg-radio_old.png <-- operamedios /sistema.operamedios.com.mx/Nota/img bg-radio_old.png
2015.08.11 08:55 B D:\Oscar Web\Opermedios\Sistema\Nota\img\bg-revista.png <-- operamedios /sistema.operamedios.com.mx/Nota/img bg-revista.png
2015.08.11 08:55 B D:\Oscar Web\Opermedios\Sistema\Nota\img\bg-tv.png <-- operamedios /sistema.operamedios.com.mx/Nota/img bg-tv.png
2015.08.11 08:55 B D:\Oscar Web\Opermedios\Sistema\Nota\img\bg-tv1.png <-- operamedios /sistema.operamedios.com.mx/Nota/img bg-tv1.png
2015.08.11 08:55 B D:\Oscar Web\Opermedios\Sistema\Nota\img\bg-tv_old.png <-- operamedios /sistema.operamedios.com.mx/Nota/img bg-tv_old.png
2015.08.11 08:55 B D:\Oscar Web\Opermedios\Sistema\Nota\img\bg.jpg <-- operamedios /sistema.operamedios.com.mx/Nota/img bg.jpg
2015.08.11 08:55 B D:\Oscar Web\Opermedios\Sistema\Nota\img\button-facebook.png <-- operamedios /sistema.operamedios.com.mx/Nota/img button-facebook.png
2015.08.11 08:55 B D:\Oscar Web\Opermedios\Sistema\Nota\img\facebook.png <-- operamedios /sistema.operamedios.com.mx/Nota/img facebook.png
2015.08.11 08:55 B D:\Oscar Web\Opermedios\Sistema\Nota\img\icon-container.png <-- operamedios /sistema.operamedios.com.mx/Nota/img icon-container.png
2015.08.11 08:55 B D:\Oscar Web\Opermedios\Sistema\Nota\img\internet.png <-- operamedios /sistema.operamedios.com.mx/Nota/img internet.png
2015.08.11 08:55 B D:\Oscar Web\Opermedios\Sistema\Nota\img\nota_fondo.jpg <-- operamedios /sistema.operamedios.com.mx/Nota/img nota_fondo.jpg
2015.08.11 08:55 B D:\Oscar Web\Opermedios\Sistema\Nota\img\periodico.png <-- operamedios /sistema.operamedios.com.mx/Nota/img periodico.png
2015.08.11 08:55 B D:\Oscar Web\Opermedios\Sistema\Nota\img\photo-icon.png <-- operamedios /sistema.operamedios.com.mx/Nota/img photo-icon.png
2015.08.11 08:55 B D:\Oscar Web\Opermedios\Sistema\Nota\img\radio.png <-- operamedios /sistema.operamedios.com.mx/Nota/img radio.png
2015.08.11 08:55 B D:\Oscar Web\Opermedios\Sistema\Nota\img\readmore-btn.png <-- operamedios /sistema.operamedios.com.mx/Nota/img readmore-btn.png
2015.08.11 08:55 B D:\Oscar Web\Opermedios\Sistema\Nota\img\readmore-btn1.png <-- operamedios /sistema.operamedios.com.mx/Nota/img readmore-btn1.png
2015.08.11 08:55 B D:\Oscar Web\Opermedios\Sistema\Nota\img\revista.png <-- operamedios /sistema.operamedios.com.mx/Nota/img revista.png
2015.08.11 08:55 B D:\Oscar Web\Opermedios\Sistema\Nota\img\tv.png <-- operamedios /sistema.operamedios.com.mx/Nota/img tv.png
2015.08.11 08:55 B D:\Oscar Web\Opermedios\Sistema\Nota\img\twitter.png <-- operamedios /sistema.operamedios.com.mx/Nota/img twitter.png
2015.08.11 08:55 B D:\Oscar Web\Opermedios\Sistema\Nota\img\twitter_logo.jpg <-- operamedios /sistema.operamedios.com.mx/Nota/img twitter_logo.jpg
2015.08.11 08:55 B D:\Oscar Web\Opermedios\Sistema\Nota\img\video-icon.png <-- operamedios /sistema.operamedios.com.mx/Nota/img video-icon.png
2015.08.11 08:55 B D:\Oscar Web\Opermedios\Sistema\Nota\img\youtube.png <-- operamedios /sistema.operamedios.com.mx/Nota/img youtube.png
2015.08.11 08:56 B D:\Oscar Web\Opermedios\Sistema\Nota\img\bg-internet.png --> opemedios.com.mx /operamedios.us.tempcloudsite.com/Nota/img bg-internet.png
2015.08.11 08:56 B D:\Oscar Web\Opermedios\Sistema\Nota\img\bg-periodico.png --> opemedios.com.mx /operamedios.us.tempcloudsite.com/Nota/img bg-periodico.png
2015.08.11 08:56 B D:\Oscar Web\Opermedios\Sistema\Nota\img\bg-radio.png --> opemedios.com.mx /operamedios.us.tempcloudsite.com/Nota/img bg-radio.png
2015.08.11 08:56 B D:\Oscar Web\Opermedios\Sistema\Nota\img\bg-radio1.png --> opemedios.com.mx /operamedios.us.tempcloudsite.com/Nota/img bg-radio1.png
2015.08.11 08:56 B D:\Oscar Web\Opermedios\Sistema\Nota\img\bg-radio_old.png --> opemedios.com.mx /operamedios.us.tempcloudsite.com/Nota/img bg-radio_old.png
2015.08.11 08:56 B D:\Oscar Web\Opermedios\Sistema\Nota\img\bg-revista.png --> opemedios.com.mx /operamedios.us.tempcloudsite.com/Nota/img bg-revista.png
2015.08.11 08:56 B D:\Oscar Web\Opermedios\Sistema\Nota\img\bg-tv.png --> opemedios.com.mx /operamedios.us.tempcloudsite.com/Nota/img bg-tv.png
2015.08.11 08:56 B D:\Oscar Web\Opermedios\Sistema\Nota\img\bg-tv1.png --> opemedios.com.mx /operamedios.us.tempcloudsite.com/Nota/img bg-tv1.png
2015.08.11 08:56 B D:\Oscar Web\Opermedios\Sistema\Nota\img\bg-tv_old.png --> opemedios.com.mx /operamedios.us.tempcloudsite.com/Nota/img bg-tv_old.png
2015.08.11 08:56 B D:\Oscar Web\Opermedios\Sistema\Nota\img\bg.jpg --> opemedios.com.mx /operamedios.us.tempcloudsite.com/Nota/img bg.jpg
2015.08.11 08:56 B D:\Oscar Web\Opermedios\Sistema\Nota\img\button-facebook.png --> opemedios.com.mx /operamedios.us.tempcloudsite.com/Nota/img button-facebook.png
2015.08.11 08:56 B D:\Oscar Web\Opermedios\Sistema\Nota\img\facebook.png --> opemedios.com.mx /operamedios.us.tempcloudsite.com/Nota/img facebook.png
2015.08.11 08:56 B D:\Oscar Web\Opermedios\Sistema\Nota\img\icon-container.png --> opemedios.com.mx /operamedios.us.tempcloudsite.com/Nota/img icon-container.png
2015.08.11 08:57 B D:\Oscar Web\Opermedios\Sistema\Nota\img\internet.png --> opemedios.com.mx /operamedios.us.tempcloudsite.com/Nota/img internet.png
2015.08.11 08:57 B D:\Oscar Web\Opermedios\Sistema\Nota\img\nota_fondo.jpg --> opemedios.com.mx /operamedios.us.tempcloudsite.com/Nota/img nota_fondo.jpg
2015.08.11 08:57 B D:\Oscar Web\Opermedios\Sistema\Nota\img\periodico.png --> opemedios.com.mx /operamedios.us.tempcloudsite.com/Nota/img periodico.png
2015.08.11 08:57 B D:\Oscar Web\Opermedios\Sistema\Nota\img\photo-icon.png --> opemedios.com.mx /operamedios.us.tempcloudsite.com/Nota/img photo-icon.png
2015.08.11 08:57 B D:\Oscar Web\Opermedios\Sistema\Nota\img\radio.png --> opemedios.com.mx /operamedios.us.tempcloudsite.com/Nota/img radio.png
2015.08.11 08:57 B D:\Oscar Web\Opermedios\Sistema\Nota\img\readmore-btn.png --> opemedios.com.mx /operamedios.us.tempcloudsite.com/Nota/img readmore-btn.png
2015.08.11 08:57 B D:\Oscar Web\Opermedios\Sistema\Nota\img\readmore-btn1.png --> opemedios.com.mx /operamedios.us.tempcloudsite.com/Nota/img readmore-btn1.png
2015.08.11 08:57 B D:\Oscar Web\Opermedios\Sistema\Nota\img\revista.png --> opemedios.com.mx /operamedios.us.tempcloudsite.com/Nota/img revista.png
2015.08.11 08:57 B D:\Oscar Web\Opermedios\Sistema\Nota\img\tv.png --> opemedios.com.mx /operamedios.us.tempcloudsite.com/Nota/img tv.png
2015.08.11 08:57 B D:\Oscar Web\Opermedios\Sistema\Nota\img\twitter.png --> opemedios.com.mx /operamedios.us.tempcloudsite.com/Nota/img twitter.png
2015.08.11 08:57 B D:\Oscar Web\Opermedios\Sistema\Nota\img\twitter_logo.jpg --> opemedios.com.mx /operamedios.us.tempcloudsite.com/Nota/img twitter_logo.jpg
2015.08.11 08:57 B D:\Oscar Web\Opermedios\Sistema\Nota\img\video-icon.png --> opemedios.com.mx /operamedios.us.tempcloudsite.com/Nota/img video-icon.png
